Loaded 361 already-collected posts to skip.

Navigating: https://old.reddit.com/r/horror/top/?sort=top&t=all
  page 1: staged total 3
  page 2: staged total 12
  page 3: staged total 18
  page 4: staged total 26
  page 5: staged total 30
  page 6: staged total 34

Navigating: https://old.reddit.com/r/horror/top/?sort=top&t=month
  page 1: staged total 35
  page 2: staged total 38
  page 3: staged total 38
  page 4: staged total 41
  page 5: staged total 44
  page 6: staged total 48

Navigating: https://old.reddit.com/r/horror/controversial/?sort=controversial&t=all
  page 1: staged total 48
  page 2: staged total 48
  page 3: staged total 48
  page 4: staged total 48
  page 5: staged total 49
  page 6: staged total 52

Navigating: https://old.reddit.com/r/horror/controversial/?sort=controversial&t=year
  page 1: staged total 53
  page 2: staged total 54
  page 3: staged total 56
  page 4: staged total 57
  page 5: staged total 60
  page 6: staged total 63

Navigating: https://old.reddit.com/r/horrorlit/top/?sort=top&t=all
  page 1: staged total 63
  page 2: staged total 65
  page 3: staged total 66
  page 4: staged total 66
  page 5: staged total 68
  page 6: staged total 73

Navigating: https://old.reddit.com/r/horrorlit/top/?sort=top&t=month
  page 1: staged total 75
  page 2: staged total 75
  page 3: staged total 76
  page 4: staged total 81
  page 5: staged total 82
  page 6: staged total 83

Navigating: https://old.reddit.com/r/horrorlit/controversial/?sort=controversial&t=all
  page 1: staged total 83
  page 2: staged total 83
  page 3: staged total 83
  page 4: staged total 83
  page 5: staged total 84
  page 6: staged total 85

Navigating: https://old.reddit.com/r/horrorlit/controversial/?sort=controversial&t=year
  page 1: staged total 86
  page 2: staged total 87
  page 3: staged total 89
  page 4: staged total 90
  page 5: staged total 92
  page 6: staged total 93

Navigating: https://old.reddit.com/r/HorrorReviewed/top/?sort=top&t=all
  page 1: staged total 94
  page 2: staged total 95
  page 3: staged total 96
  page 4: staged total 97
  page 5: staged total 98
  page 6: staged total 99

Navigating: https://old.reddit.com/r/HorrorReviewed/top/?sort=top&t=month
  page 1: staged total 100

Navigating: https://old.reddit.com/r/HorrorReviewed/controversial/?sort=controversial&t=all
  page 1: staged total 100
  page 2: staged total 100
  page 3: staged total 100
  page 4: staged total 100
  page 5: staged total 102
  page 6: staged total 103

Navigating: https://old.reddit.com/r/HorrorReviewed/controversial/?sort=controversial&t=year
  page 1: staged total 104
  page 2: staged total 105
  page 3: staged total 106

Navigating: https://old.reddit.com/r/HorrorMovies/top/?sort=top&t=all
  page 1: staged total 106
  page 2: staged total 106
  page 3: staged total 106
  page 4: staged total 106
  page 5: staged total 106
  page 6: staged total 106

Navigating: https://old.reddit.com/r/HorrorMovies/top/?sort=top&t=month
  page 1: staged total 106
  page 2: staged total 106
  page 3: staged total 106
  page 4: staged total 108
  page 5: staged total 111
  page 6: staged total 112

Navigating: https://old.reddit.com/r/HorrorMovies/controversial/?sort=controversial&t=all
  page 1: staged total 112
  page 2: staged total 112
  page 3: staged total 112
  page 4: staged total 112
  page 5: staged total 113
  page 6: staged total 118

Navigating: https://old.reddit.com/r/HorrorMovies/controversial/?sort=controversial&t=year
  page 1: staged total 118
  page 2: staged total 118
  page 3: staged total 120
  page 4: staged total 122
  page 5: staged total 122
  page 6: staged total 123

Navigating: https://old.reddit.com/r/TrueFilm/top/?sort=top&t=all
  page 1: staged total 126
  page 2: staged total 130
  page 3: staged total 130

Navigating: https://old.reddit.com/r/TrueFilm/top/?sort=top&t=month
  page 1: staged total 130

Navigating: https://old.reddit.com/r/TrueFilm/controversial/?sort=controversial&t=all
  page 1: staged total 130

Navigating: https://old.reddit.com/r/TrueFilm/controversial/?sort=controversial&t=year
  page 1: staged total 130

Navigating: https://old.reddit.com/r/horrorbookclub/top/?sort=top&t=all
  page 1: staged total 130

Navigating: https://old.reddit.com/r/horrorbookclub/top/?sort=top&t=month
  page 1: staged total 130

Navigating: https://old.reddit.com/r/horrorbookclub/controversial/?sort=controversial&t=all
  page 1: staged total 130

Navigating: https://old.reddit.com/r/horrorbookclub/controversial/?sort=controversial&t=year
  page 1: staged total 130

Navigating: https://old.reddit.com/r/Scream/top/?sort=top&t=all
  page 1: staged total 130

Navigating: https://old.reddit.com/r/Scream/top/?sort=top&t=month
  page 1: staged total 130

Navigating: https://old.reddit.com/r/Scream/controversial/?sort=controversial&t=all
  page 1: staged total 130

Navigating: https://old.reddit.com/r/Scream/controversial/?sort=controversial&t=year
  page 1: staged total 130

Navigating: https://old.reddit.com/r/folkhorror/top/?sort=top&t=all
  page 1: staged total 130

Navigating: https://old.reddit.com/r/folkhorror/top/?sort=top&t=month
  page 1: staged total 130

Navigating: https://old.reddit.com/r/folkhorror/controversial/?sort=controversial&t=all
  page 1: staged total 130

Navigating: https://old.reddit.com/r/folkhorror/controversial/?sort=controversial&t=year
  page 1: staged total 130

Navigating: https://old.reddit.com/r/cosmichorror/top/?sort=top&t=all
  page 1: staged total 130

Navigating: https://old.reddit.com/r/cosmichorror/top/?sort=top&t=month
  page 1: staged total 130

Navigating: https://old.reddit.com/r/cosmichorror/controversial/?sort=controversial&t=all
  page 1: staged total 130

Navigating: https://old.reddit.com/r/cosmichorror/controversial/?sort=controversial&t=year
  page 1: staged total 130

Navigating: https://old.reddit.com/r/slashers/top/?sort=top&t=all
  page 1: staged total 130

Navigating: https://old.reddit.com/r/slashers/top/?sort=top&t=month
  page 1: staged total 130

Navigating: https://old.reddit.com/r/slashers/controversial/?sort=controversial&t=all
  page 1: staged total 130

Navigating: https://old.reddit.com/r/slashers/controversial/?sort=controversial&t=year
  page 1: staged total 130

Navigating: https://old.reddit.com/r/stephenking/top/?sort=top&t=all
  page 1: staged total 130

Navigating: https://old.reddit.com/r/stephenking/top/?sort=top&t=month
  page 1: staged total 130

Navigating: https://old.reddit.com/r/stephenking/controversial/?sort=controversial&t=all
  page 1: staged total 130

Navigating: https://old.reddit.com/r/stephenking/controversial/?sort=controversial&t=year
  page 1: staged total 130

Navigating: https://old.reddit.com/r/HalloweenMovies/top/?sort=top&t=all
  page 1: staged total 130

Navigating: https://old.reddit.com/r/HalloweenMovies/top/?sort=top&t=month
  page 1: staged total 130

Navigating: https://old.reddit.com/r/HalloweenMovies/controversial/?sort=controversial&t=all
  page 1: staged total 130

Navigating: https://old.reddit.com/r/HalloweenMovies/controversial/?sort=controversial&t=year
  page 1: staged total 130

Navigating: https://old.reddit.com/r/monstermovies/top/?sort=top&t=all
  page 1: staged total 130

Navigating: https://old.reddit.com/r/monstermovies/top/?sort=top&t=month
  page 1: staged total 130

Navigating: https://old.reddit.com/r/monstermovies/controversial/?sort=controversial&t=all
  page 1: staged total 130

Navigating: https://old.reddit.com/r/monstermovies/controversial/?sort=controversial&t=year
  page 1: staged total 130

Navigating: https://old.reddit.com/r/IndieHorror/top/?sort=top&t=all
  page 1: staged total 130

Navigating: https://old.reddit.com/r/IndieHorror/top/?sort=top&t=month
  page 1: staged total 130

Navigating: https://old.reddit.com/r/IndieHorror/controversial/?sort=controversial&t=all
  page 1: staged total 130

Navigating: https://old.reddit.com/r/IndieHorror/controversial/?sort=controversial&t=year
  page 1: staged total 130

Navigating: https://old.reddit.com/r/AskHorror/top/?sort=top&t=all
  page 1: staged total 130

Navigating: https://old.reddit.com/r/AskHorror/top/?sort=top&t=month
  page 1: staged total 130

Navigating: https://old.reddit.com/r/AskHorror/controversial/?sort=controversial&t=all
  page 1: staged total 130

Navigating: https://old.reddit.com/r/AskHorror/controversial/?sort=controversial&t=year
  page 1: staged total 130

Navigating: https://old.reddit.com/r/HorrorGaming/top/?sort=top&t=all
  page 1: staged total 130

Navigating: https://old.reddit.com/r/HorrorGaming/top/?sort=top&t=month
  page 1: staged total 130

Navigating: https://old.reddit.com/r/HorrorGaming/controversial/?sort=controversial&t=all
  page 1: staged total 130

Navigating: https://old.reddit.com/r/HorrorGaming/controversial/?sort=controversial&t=year
  page 1: staged total 130

Navigating: https://old.reddit.com/r/residentevil/top/?sort=top&t=all
  page 1: staged total 130

Navigating: https://old.reddit.com/r/residentevil/top/?sort=top&t=month
  page 1: staged total 130

Navigating: https://old.reddit.com/r/residentevil/controversial/?sort=controversial&t=all
  page 1: staged total 130

Navigating: https://old.reddit.com/r/residentevil/controversial/?sort=controversial&t=year
  page 1: staged total 130

Navigating: https://old.reddit.com/r/silenthill/top/?sort=top&t=all
  page 1: staged total 130

Navigating: https://old.reddit.com/r/silenthill/top/?sort=top&t=month
  page 1: staged total 130

Navigating: https://old.reddit.com/r/silenthill/controversial/?sort=controversial&t=all
  page 1: staged total 130

Navigating: https://old.reddit.com/r/silenthill/controversial/?sort=controversial&t=year
  page 1: staged total 130

Navigating: https://old.reddit.com/r/classichorror/top/?sort=top&t=all
  page 1: staged total 130

Navigating: https://old.reddit.com/r/classichorror/top/?sort=top&t=month
  page 1: staged total 130

Navigating: https://old.reddit.com/r/classichorror/controversial/?sort=controversial&t=all
  page 1: staged total 130

Navigating: https://old.reddit.com/r/classichorror/controversial/?sort=controversial&t=year
  page 1: staged total 130

Navigating: https://old.reddit.com/r/horroratmosphere/top/?sort=top&t=all
  page 1: staged total 130

Navigating: https://old.reddit.com/r/horroratmosphere/top/?sort=top&t=month
  page 1: staged total 130

Navigating: https://old.reddit.com/r/horroratmosphere/controversial/?sort=controversial&t=all
  page 1: staged total 130

Navigating: https://old.reddit.com/r/horroratmosphere/controversial/?sort=controversial&t=year
  page 1: staged total 130

Navigating: https://old.reddit.com/r/horror_film/top/?sort=top&t=all
  page 1: staged total 130

Navigating: https://old.reddit.com/r/horror_film/top/?sort=top&t=month
  page 1: staged total 130

Navigating: https://old.reddit.com/r/horror_film/controversial/?sort=controversial&t=all
  page 1: staged total 130

Navigating: https://old.reddit.com/r/horror_film/controversial/?sort=controversial&t=year
  page 1: staged total 130

Navigating: https://old.reddit.com/r/moviecritic/top/?sort=top&t=all
  page 1: staged total 130

Navigating: https://old.reddit.com/r/moviecritic/top/?sort=top&t=month
  page 1: staged total 130

Navigating: https://old.reddit.com/r/moviecritic/controversial/?sort=controversial&t=all
  page 1: staged total 130

Navigating: https://old.reddit.com/r/moviecritic/controversial/?sort=controversial&t=year
  page 1: staged total 130

Staged 130 new posts this run -> staging_posts.csv
